\BOOKMARK [1][-]{section.1}{6 Mar 2014}{}% 1
\BOOKMARK [1][-]{section.2}{24 Feb 2014}{}% 2
\BOOKMARK [1][-]{section.3}{06 Feb 2014}{}% 3
\BOOKMARK [1][-]{section.4}{29 Jan 2014}{}% 4
\BOOKMARK [1][-]{section.5}{25 Jan 2014}{}% 5
\BOOKMARK [1][-]{section.6}{28 Jan 2014}{}% 6
\BOOKMARK [1][-]{section.7}{27 Jan 2014}{}% 7
\BOOKMARK [1][-]{section.8}{26 Jan 2014}{}% 8
\BOOKMARK [1][-]{section.9}{25 Jan 2014}{}% 9
\BOOKMARK [1][-]{section.10}{24 Jan 2014}{}% 10
\BOOKMARK [1][-]{section.11}{23 Jan 2014}{}% 11
\BOOKMARK [1][-]{section.12}{22 Jan 2014}{}% 12
\BOOKMARK [1][-]{section.13}{14 Jan 2014}{}% 13
\BOOKMARK [1][-]{section.14}{9 Jan 2014}{}% 14
\BOOKMARK [1][-]{section.15}{7 Jan 2014}{}% 15
\BOOKMARK [1][-]{section.16}{20 Dec 2013}{}% 16
\BOOKMARK [1][-]{section.17}{18 Dec 2013}{}% 17
\BOOKMARK [1][-]{section.18}{17 Dec 2013}{}% 18
\BOOKMARK [1][-]{section.19}{16 Dec 2013}{}% 19
\BOOKMARK [1][-]{section.20}{11 Dec 2013}{}% 20
\BOOKMARK [1][-]{section.21}{6 Dec 2013}{}% 21
\BOOKMARK [1][-]{section.22}{26 Nov 2013}{}% 22
\BOOKMARK [1][-]{section.23}{Before 26 Nov 2013}{}% 23
\BOOKMARK [1][-]{section.24}{Check out simecol}{}% 24
\BOOKMARK [1][-]{section.25}{The Model}{}% 25
\BOOKMARK [2][-]{subsection.25.1}{Generate Interaction Network}{section.25}% 26
\BOOKMARK [2][-]{subsection.25.2}{Generate Genome}{section.25}% 27
\BOOKMARK [2][-]{subsection.25.3}{Map Genotype to Phenotype}{section.25}% 28
\BOOKMARK [2][-]{subsection.25.4}{Generate a population for each species}{section.25}% 29
\BOOKMARK [1][-]{section.26}{Test Run}{}% 30
